<?xml version="1.0" encoding="UTF-8"?>
<!-- Generated by org.testng.reporters.JUnitXMLReporter -->
<testsuite hostname="DESKTOP-9AISUP4" ignored="0" name="Default test" tests="3" failures="0" timestamp="05 Jan 2022 02:44:33 GMT" time="32.79" errors="0">
  <testcase name="login" time="11.027" classname="Testcases.junitex"/>
  <testcase name="login" time="12.294" classname="Testcases.junitex"/>
  <testcase name="login" time="8.786" classname="Testcases.junitex"/>
</testsuite> <!-- Default test -->
